mktextfm DFKai-SB
mktextfm DFKai-SB
mktextfm DFKai-SB
mktextfm DFKai-SB
mktextfm DFKai-SB/B
mktextfm DFKai-SB
mktextfm DFKai-SB/I
mktextfm DFKai-SB
mktextfm DFKai-SB/BI
mktextfm DFKai-SB
mktextfm DFKai-SB
mktextfm DFKai-SB
mktextfm DFKai-SB
mktextfm Junicode
mktextfm Junicode
mktextfm Junicode
mktextfm Junicode
mktextfm Junicode/B
mktextfm Junicode
mktextfm Junicode/I
mktextfm Junicode
mktextfm Junicode/BI
mktextfm libertine
mktextfm libertine
mktextfm libertine
mktextfm libertine
mktextfm libertine/B
